<?xml version="1.0" encoding="UTF-8"?>
<!-- Generated by org.testng.reporters.JUnitReportReporter -->
<testsuite hostname="DTP-TVR2-IND" failures="0" tests="1" name="RestAPI.EndtToEndTest" time="2.303" errors="0" timestamp="25 Sep 2023 06:35:01 GMT" skipped="0">
  <testcase classname="RestAPI.EndtToEndTest" name="runtestCases" time="2.303"/>
</testsuite> <!-- RestAPI.EndtToEndTest -->
